
{
	gl.supports_vertex_array_object: true
	cocos2d.x.version: Quick-Cocos2dx-Community 3.6.4 Release
	gl.vendor: Intel Inc.
	gl.supports_PVRTC: false
	gl.renderer: Intel Iris OpenGL Engine
	cocos2d.x.compiled_with_profiler: false
	gl.max_texture_size: 16384
	gl.supports_ETC1: false
	gl.supports_BGRA8888: false
	cocos2d.x.build_type: RELEASE
	gl.supports_discard_framebuffer: false
	gl.supports_NPOT: true
	gl.supports_S3TC: true
	gl.version: 2.1 INTEL-10.30.12
	gl.supports_ATITC: false
	gl.max_texture_units: 16
	cocos2d.x.compiled_with_gl_state_cache: true
}


Quick-Cocos2dx-Community C++ support ready.
------------------------------------------------
LOAD LUA FILE: /Users/admin/Desktop/lua/codes/playPlane/src/main.lua
------------------------------------------------
[LUA-print] ===========================================================
[LUA-print]               LOAD QUICK FRAMEWORK
[LUA-print] ===========================================================
[LUA-print] [INFO] 
[LUA-print] [INFO] # DEBUG                        = 1
[LUA-print] [INFO] #
[LUA-print] [INFO] # device.platform              = mac
[LUA-print] [INFO] # device.model                 = unknown
[LUA-print] [INFO] # device.language              = cn
[LUA-print] [INFO] # device.writablePath          = /Users/admin/Desktop/lua/codes/playPlane/
[LUA-print] [INFO] # device.directorySeparator    = /
[LUA-print] [INFO] # device.pathSeparator         = :
[LUA-print] [INFO] #
libpng warning: iCCP: known incorrect sRGB profile
[LUA-print] [INFO] # CONFIG_SCREEN_AUTOSCALE      = FIXED_WIDTH
[LUA-print] [INFO] # CONFIG_SCREEN_WIDTH          = 480.00
[LUA-print] [INFO] # CONFIG_SCREEN_HEIGHT         = 720.00
[LUA-print] [INFO] # display.widthInPixels        = 640.00
[LUA-print] [INFO] # display.heightInPixels       = 960.00
[LUA-print] [INFO] # display.contentScaleFactor   = 1.33
[LUA-print] [INFO] # display.width                = 480.00
[LUA-print] [INFO] # display.height               = 720.00
[LUA-print] [INFO] # display.cx                   = 240.00
[LUA-print] [INFO] # display.cy                   = 360.00
[LUA-print] [INFO] # display.left                 = 0.00
[LUA-print] [INFO] # display.right                = 480.00
[LUA-print] [INFO] # display.top                  = 720.00
[LUA-print] [INFO] # display.bottom               = 0.00
[LUA-print] [INFO] # display.c_left               = -240.00
[LUA-print] [INFO] # display.c_right              = 240.00
[LUA-print] [INFO] # display.c_top                = 360.00
[LUA-print] [INFO] # display.c_bottom             = -360.00
[LUA-print] [INFO] #
libpng warning: iCCP: known incorrect sRGB profile
[LUA-print] hero state	Normal
[LUA-print] 1	0
[LUA-print] #enemy1.png
[LUA-print] hero state	Dead
[LUA-print] 1	0
[LUA-print] #enemy1.png
[LUA-print] 1	0
[LUA-print] #enemy1.png
